0 info it worked if it ends with ok
1 verbose cli [ '/usr/local/bin/node', '/usr/local/bin/npm', 'install' ]
2 info using npm@1.4.14
3 info using node@v0.11.14-pre
4 error install Couldn't read dependencies
5 error Failed to parse json
5 error Unexpected token '
6 error File: /home/jarus/sandbox/work/random-image/package.json
7 error Failed to parse package.json data.
7 error package.json must be actual JSON, not just JavaScript.
7 error
7 error This is not a bug in npm.
7 error Tell the package author to fix their package.json file. JSON.parse
8 error System Linux 3.15.8-200.fc20.x86_64
9 error command "/usr/local/bin/node" "/usr/local/bin/npm" "install"
10 error cwd /home/jarus/sandbox/work/random-image
11 error node -v v0.11.14-pre
12 error npm -v 1.4.14
13 error file /home/jarus/sandbox/work/random-image/package.json
14 error code EJSONPARSE
15 verbose exit [ 1, true ]
